GPT2LMHeadModel(
  (transformer): GPT2Model(
    (wte): Embedding(50257, 64)
    (wpe): Embedding(2048, 64)
    (drop): Dropout(p=0.1, inplace=False)
    (h): ModuleList(
      (0-7): 8 x GPT2Block(
        (ln_1): LayerNorm((64,), eps=1e-05, elementwise_affine=True)
        (attn): GPT2Attention(
          (c_attn): Conv1D()
          (c_proj): Conv1D()
          (attn_dropout): Dropout(p=0.1, inplace=False)
          (resid_dropout): Dropout(p=0.1, inplace=False)
        )
        (ln_2): LayerNorm((64,), eps=1e-05, elementwise_affine=True)
        (mlp): GPT2MLP(
          (c_fc): Conv1D()
          (c_proj): Conv1D()
          (act): NewGELUActivation()
          (dropout): Dropout(p=0.1, inplace=False)
        )
      )
    )
    (ln_f): LayerNorm((64,), eps=1e-05, elementwise_affine=True)
  )
  (lm_head): Linear(in_features=64, out_features=50257, bias=False)
)
epoch : 0
*********************************************-train-00-*********************************************
train-01-50 : 6.2293901443481445
train-01-100 : 2.9603655338287354
train-01-150 : 2.814516305923462
train-01-200 : 2.3534579277038574
train-01-250 : 2.720503568649292
train-01-300 : 3.4591739177703857
train-01-350 : 2.067138433456421
train-01-400 : 3.3670763969421387
train-01-450 : 3.041102170944214
train-01-500 : 3.353713035583496
train-01-550 : 1.723252773284912
train-01-600 : 2.0735602378845215
train-01-650 : 2.0495524406433105
train-01-700 : 2.031064033508301
train-01-750 : 1.5574802160263062
train-01-800 : 2.3883109092712402
train-01-850 : 2.4729435443878174
train-01-900 : 2.198171615600586
train-01-950 : 1.824981927871704
train-01-1000 : 2.102597236633301
train-01-1050 : 1.690279245376587
train-01-1100 : 1.8402721881866455
train-01-1150 : 1.7272007465362549
train-01-1200 : 1.5285578966140747
train-01-1250 : 2.197784662246704
train-01-1300 : 1.9624032974243164
train-01-1350 : 1.5909345149993896
train-01-1400 : 1.917232632637024
train-01-1450 : 2.3984427452087402
train-01-1500 : 2.6439290046691895
train-01-1550 : 1.4888609647750854
train-01-1600 : 1.7582956552505493
train-01-1650 : 1.523996114730835
train-01-1700 : 2.307555675506592
train-01-1750 : 1.4129579067230225
train-01-1800 : 2.4002270698547363
train-01-1850 : 2.753807544708252
train-01-1900 : 2.231464385986328
train-01-1950 : 2.3379712104797363
train-01-2000 : 2.4804530143737793
train-01-2050 : 2.357125997543335
train-01-2100 : 1.8478692770004272
train-01-2150 : 1.6725419759750366
train-01-2200 : 1.910904049873352
train-01-2250 : 1.6542115211486816
train-01-2300 : 2.0956642627716064
train-01-2350 : 1.4944889545440674
train-01-2400 : 1.751717448234558
train-01-2450 : 2.2932770252227783
train-01-2500 : 1.416212797164917
train-01-2550 : 1.7119879722595215
train-01-2600 : 1.2680470943450928
train-01-2650 : 2.422520160675049
train-01-2700 : 1.6240183115005493
train-01-2750 : 2.4543840885162354
train-01-2800 : 1.552879810333252
train-01-2850 : 1.6898410320281982
train-01-2900 : 1.8918029069900513
train-01-2950 : 1.4960505962371826
train-01-3000 : 2.763904333114624
train-01-3050 : 1.9084763526916504
train-01-3100 : 2.1758158206939697
train-01-3150 : 1.468489170074463
train-01-3200 : 1.4339194297790527
train-01-3250 : 1.4099456071853638
train-01-3300 : 1.3476533889770508
train-01-3350 : 1.795291781425476
train-01-3400 : 1.5877279043197632
train-01-3450 : 2.402963638305664
train-01-3500 : 1.5003271102905273
train-01-3550 : 1.7689054012298584
train-01-3600 : 1.621673583984375
train-01-3650 : 2.1121339797973633
train-01-3700 : 1.2535650730133057
train-01-3750 : 1.488856554031372
train-01-3800 : 2.409066915512085
train-01-3850 : 1.6242990493774414
train-01-3900 : 1.56357741355896
train-01-3950 : 1.8962702751159668
train-01-4000 : 1.460209608078003
train-01-4050 : 1.5864708423614502
train-01-4100 : 1.5345890522003174
train-01-4150 : 1.4488962888717651
train-01-4200 : 1.2893692255020142
train-01-4250 : 1.3527719974517822
train-01-4300 : 1.574377417564392
train-01-4350 : 1.482014536857605
train-01-4400 : 2.5544724464416504
train-01-4450 : 1.5022257566452026
train-01-4500 : 1.3349297046661377
train-01-4550 : 2.0314784049987793
train-01-4600 : 1.6638723611831665
train-01-4650 : 2.1694841384887695
train-01-4700 : 1.5846493244171143
train-01-4750 : 2.201648235321045
train-01-4800 : 1.5609982013702393
train-01-4850 : 2.5989975929260254
train-01-4900 : 2.3646907806396484
train-01-4950 : 1.5992454290390015
train-01-5000 : 1.5258468389511108
train-01-5050 : 1.7121847867965698
train-01-5100 : 1.4454439878463745
train-01-5150 : 2.0315773487091064
train-01-5200 : 1.6222766637802124
train-01-5250 : 2.427703619003296
train-01-5300 : 1.9771925210952759
train-01-5350 : 1.3501551151275635
train-01-5400 : 2.583468437194824
train-01-5450 : 1.4321352243423462
train-01-5500 : 1.6310721635818481
train-01-5550 : 1.4872047901153564
train-01-5600 : 1.5149608850479126
train-01-5650 : 1.392175555229187
train-01-5700 : 2.217606544494629
train-01-5750 : 1.578315258026123
train-01-5800 : 1.7828271389007568
train-01-5850 : 1.3212167024612427
train-01-5900 : 1.6179625988006592
train-01-5950 : 1.6465691328048706
train-01-6000 : 3.0612173080444336
train-01-6050 : 1.5670737028121948
train-01-6100 : 2.0760772228240967
train-01-6150 : 1.4086635112762451
train-01-6200 : 1.5831278562545776
train-01-6250 : 1.2980992794036865
train-01-6300 : 2.51165771484375
train-01-6350 : 1.22690749168396
train-01-6400 : 1.4461740255355835
train-01-6450 : 1.7907220125198364
train-01-6500 : 2.059262275695801
train-01-6550 : 1.9191097021102905
train-01-6600 : 1.5534600019454956
train-01-6650 : 1.4191341400146484
train-01-6700 : 2.084848165512085
train-01-6750 : 1.372546672821045
train-01-6800 : 1.8724173307418823
train-01-6850 : 1.2151012420654297
train-01-6900 : 1.3377512693405151
train-01-6950 : 1.2492091655731201
train-01-7000 : 1.480394959449768
train-01-7050 : 2.4220378398895264
train-01-7100 : 2.3116135597229004
train-01-7150 : 1.3510940074920654
train-01-7200 : 1.333838701248169
train-01-7250 : 1.8290464878082275
train-01-7300 : 1.3560022115707397
train-01-7350 : 1.1384904384613037
train-01-7400 : 1.243371605873108
train-01-7450 : 1.775879979133606
train-01-7500 : 2.1978607177734375
train-01-7550 : 1.3468085527420044
train-01-7600 : 2.062796115875244
train-01-7650 : 1.543068528175354
train-01-7700 : 2.39437198638916
train-01-7750 : 1.4791111946105957
train-01-7800 : 1.4795717000961304
train-01-7850 : 1.464016318321228
train-01-7900 : 1.1374951601028442
train-01-7950 : 1.2474535703659058
train-01-8000 : 1.3773930072784424
train-01-8050 : 1.4516797065734863
train-01-8100 : 1.679685115814209
train-01-8150 : 1.858718991279602
train-01-8200 : 1.550910234451294
train-01-8250 : 1.3827532529830933
train-01-8300 : 1.2568949460983276
train-01-8350 : 1.210925579071045
train-01-8400 : 1.2483527660369873
train-01-8450 : 1.67294442653656
train-01-8500 : 1.5395081043243408
train-01-8550 : 2.083536386489868
train-01-8600 : 1.3254964351654053
train-01-8650 : 1.4840545654296875
train-01-8700 : 1.4144525527954102
train-01-8750 : 1.673911690711975
train-01-8800 : 1.2827242612838745
train-01-8850 : 1.8619979619979858
train-01-8900 : 1.4974658489227295
train-01-8950 : 1.1667085886001587
train-01-9000 : 1.3445736169815063
train-01-9050 : 1.3800550699234009
train-01-9100 : 1.7755404710769653
train-01-9150 : 1.3920341730117798
train-01-9200 : 1.5045300722122192
train-01-9250 : 1.6707690954208374
train-01-9300 : 1.4522621631622314
train-01-9350 : 1.320776343345642
train-01-9400 : 1.2813371419906616
train-01-9450 : 1.3976155519485474
train-01-9500 : 1.2572660446166992
train-01-9550 : 1.8856256008148193
train-01-9600 : 1.3699233531951904
train-01-9650 : 1.5176301002502441
train-01-9700 : 1.567422866821289
train-01-9750 : 2.22169828414917
train-01-9800 : 1.7425349950790405
train-01-9850 : 1.313677191734314
train-01-9900 : 1.8896584510803223
train-01-9950 : 1.2922868728637695
train-01-10000 : 1.6314291954040527
train-01-10050 : 2.082735300064087
train-01-10100 : 1.4383829832077026
